sw02111-A 335
sw02111-B 335
sw02161-A 335
sw02161-B 335
sw02264-A 335
sw02264-B 335
sw02299-A 335
sw02299-B 335
sw02352-A 335
sw02352-B 335
sw02557-A 335
sw02557-B 335
sw02747-A 335
sw02747-B 335
sw02815-A 335
sw02815-B 335
sw02928-A 335
sw02928-B 335
sw02994-A 335
sw02994-B 335
sw03074-A 335
sw03074-B 335
sw03156-A 335
sw03156-B 335
sw03194-A 335
sw03194-B 335
sw03414-A 335
sw03414-B 335
sw03659-A 335
sw03659-B 335
sw03672-A 335
sw03672-B 335
sw04042-A 335
sw04042-B 335
sw04073-A 335
sw04073-B 335
sw04075-A 335
sw04075-B 335
sw04118-A 335
sw04118-B 335
sw04121-A 335
sw04121-B 335
sw04143-A 335
sw04143-B 335
sw04175-A 335
sw04175-B 335
sw04215-A 335
sw04215-B 335
sw04241-A 335
sw04241-B 335
sw04329-A 335
sw04329-B 335
sw04483-A 335
sw04483-B 335
sw04559-A 335
sw04559-B 335
sw04829-A 335
sw04829-B 335
sw04845-A 335
sw04845-B 335
sw02064-A 322
sw02064-B 322
sw02488-A 322
sw02488-B 322
sw02717-A 322
sw02717-B 322
sw03029-A 322
sw03029-B 322
sw03247-A 322
sw03247-B 322
sw03367-A 322
sw03367-B 322
sw03511-A 322
sw03511-B 322
sw03578-A 322
sw03578-B 322
sw03644-A 322
sw03644-B 322
sw03732-A 322
sw03732-B 322
sw03784-A 322
sw03784-B 322
sw03930-A 322
sw03930-B 322
sw03966-A 322
sw03966-B 322
sw03991-A 322
sw03991-B 322
sw04011-A 322
sw04011-B 322
sw04037-A 322
sw04037-B 322
sw04047-A 322
sw04047-B 322
sw04058-A 322
sw04058-B 322
sw04066-A 322
sw04066-B 322
sw04111-A 322
sw04111-B 322
sw04117-A 322
sw04117-B 322
sw04277-A 322
sw04277-B 322
sw04331-A 322
sw04331-B 322
sw04332-A 322
sw04332-B 322
sw04341-A 322
sw04341-B 322
sw04369-A 322
sw04369-B 322
sw04502-A 322
sw04502-B 322
sw04548-A 322
sw04548-B 322
sw04710-A 322
sw04710-B 322
sw04835-A 322
sw04835-B 322
sw02437-A 354
sw02437-B 354
sw02564-A 354
sw02564-B 354
sw02638-A 354
sw02638-B 354
sw02681-A 354
sw02681-B 354
sw02759-A 354
sw02759-B 354
sw02763-A 354
sw02763-B 354
sw02820-A 354
sw02820-B 354
sw03088-A 354
sw03088-B 354
sw03197-A 354
sw03197-B 354
sw03444-A 354
sw03444-B 354
sw03635-A 354
sw03635-B 354
sw03660-A 354
sw03660-B 354
sw03808-A 354
sw03808-B 354
sw03928-A 354
sw03928-B 354
sw03996-A 354
sw03996-B 354
sw04014-A 354
sw04014-B 354
sw04065-A 354
sw04065-B 354
sw04083-A 354
sw04083-B 354
sw04088-A 354
sw04088-B 354
sw04093-A 354
sw04093-B 354
sw04116-A 354
sw04116-B 354
sw04119-A 354
sw04119-B 354
sw04206-A 354
sw04206-B 354
sw04282-A 354
sw04282-B 354
sw04302-A 354
sw04302-B 354
sw04330-A 354
sw04330-B 354
sw04355-A 354
sw04355-B 354
sw04605-A 354
sw04605-B 354
sw04618-A 354
sw04618-B 354
sw04765-A 354
sw04765-B 354
sw02022-A 357
sw02022-B 357
sw02092-A 357
sw02092-B 357
sw02243-A 357
sw02243-B 357
sw02288-A 357
sw02288-B 357
sw02320-A 357
sw02320-B 357
sw02348-A 357
sw02348-B 357
sw02467-A 357
sw02467-B 357
sw02508-A 357
sw02508-B 357
sw02515-A 357
sw02515-B 357
sw03079-A 357
sw03079-B 357
sw03195-A 357
sw03195-B 357
sw03200-A 357
sw03200-B 357
sw03299-A 357
sw03299-B 357
sw03307-A 357
sw03307-B 357
sw03336-A 357
sw03336-B 357
sw03673-A 357
sw03673-B 357
sw03721-A 357
sw03721-B 357
sw03978-A 357
sw03978-B 357
sw04000-A 357
sw04000-B 357
sw04079-A 357
sw04079-B 357
sw04104-A 357
sw04104-B 357
sw04149-A 357
sw04149-B 357
sw04156-A 357
sw04156-B 357
sw04216-A 357
sw04216-B 357
sw04271-A 357
sw04271-B 357
sw04338-A 357
sw04338-B 357
sw04374-A 357
sw04374-B 357
sw04615-A 357
sw04615-B 357
sw04675-A 357
sw04675-B 357
sw04759-A 357
sw04759-B 357
sw02129-A 345
sw02129-B 345
sw02250-A 345
sw02250-B 345
sw02600-A 345
sw02600-B 345
sw02706-A 345
sw02706-B 345
sw02762-A 345
sw02762-B 345
sw02799-A 345
sw02799-B 345
sw02887-A 345
sw02887-B 345
sw02911-A 345
sw02911-B 345
sw03001-A 345
sw03001-B 345
sw03008-A 345
sw03008-B 345
sw03107-A 345
sw03107-B 345
sw03502-A 345
sw03502-B 345
sw03789-A 345
sw03789-B 345
sw04056-A 345
sw04056-B 345
sw04085-A 345
sw04085-B 345
sw04091-A 345
sw04091-B 345
sw04100-A 345
sw04100-B 345
sw04105-A 345
sw04105-B 345
sw04112-A 345
sw04112-B 345
sw04220-A 345
sw04220-B 345
sw04225-A 345
sw04225-B 345
sw04254-A 345
sw04254-B 345
sw04305-A 345
sw04305-B 345
sw04319-A 345
sw04319-B 345
sw04628-A 345
sw04628-B 345
sw04644-A 345
sw04644-B 345
sw04664-A 345
sw04664-B 345
sw04709-A 345
sw04709-B 345
sw04718-A 345
sw04718-B 345
sw04831-A 345
sw04831-B 345
sw02071-A 320
sw02071-B 320
sw02315-A 320
sw02315-B 320
sw02326-A 320
sw02326-B 320
sw02401-A 320
sw02401-B 320
sw02526-A 320
sw02526-B 320
sw02548-A 320
sw02548-B 320
sw02702-A 320
sw02702-B 320
sw02733-A 320
sw02733-B 320
sw02736-A 320
sw02736-B 320
sw03003-A 320
sw03003-B 320
sw03014-A 320
sw03014-B 320
sw03109-A 320
sw03109-B 320
sw03173-A 320
sw03173-B 320
sw03411-A 320
sw03411-B 320
sw03427-A 320
sw03427-B 320
sw03470-A 320
sw03470-B 320
sw03573-A 320
sw03573-B 320
sw03639-A 320
sw03639-B 320
sw03951-A 320
sw03951-B 320
sw03970-A 320
sw03970-B 320
sw03986-A 320
sw03986-B 320
sw04086-A 320
sw04086-B 320
sw04173-A 320
sw04173-B 320
sw04201-A 320
sw04201-B 320
sw04318-A 320
sw04318-B 320
sw04352-A 320
sw04352-B 320
sw04400-A 320
sw04400-B 320
sw04723-A 320
sw04723-B 320
sw04749-A 320
sw04749-B 320
sw04818-A 320
sw04818-B 320
